Performing C SOURCE FILE Test CMAKE_HAVE_LIBC_PTHREAD failed with the following output:
Change Dir: /home/poweruser/junda.feng/GPU-Philox/build/CMakeFiles/CMakeScratch/TryCompile-kp0ZJO

Run Build Command(s):/usr/bin/make -f Makefile cmTC_0c64e/fast && /usr/bin/make  -f CMakeFiles/cmTC_0c64e.dir/build.make CMakeFiles/cmTC_0c64e.dir/build
make[1]: Entering directory '/home/poweruser/junda.feng/GPU-Philox/build/CMakeFiles/CMakeScratch/TryCompile-kp0ZJO'
Building C object CMakeFiles/cmTC_0c64e.dir/src.c.o
/usr/bin/cc -DCMAKE_HAVE_LIBC_PTHREAD  -fPIC  -o CMakeFiles/cmTC_0c64e.dir/src.c.o -c /home/poweruser/junda.feng/GPU-Philox/build/CMakeFiles/CMakeScratch/TryCompile-kp0ZJO/src.c
Linking C executable cmTC_0c64e
/usr/local/bin/cmake -E cmake_link_script CMakeFiles/cmTC_0c64e.dir/link.txt --verbose=1
/usr/bin/cc -fPIC  CMakeFiles/cmTC_0c64e.dir/src.c.o -o cmTC_0c64e 
CMakeFiles/cmTC_0c64e.dir/src.c.o: In function `main':
src.c:(.text+0x3e): undefined reference to `pthread_create'
src.c:(.text+0x4a): undefined reference to `pthread_detach'
src.c:(.text+0x56): undefined reference to `pthread_cancel'
src.c:(.text+0x67): undefined reference to `pthread_join'
src.c:(.text+0x7b): undefined reference to `pthread_atfork'
collect2: error: ld returned 1 exit status
CMakeFiles/cmTC_0c64e.dir/build.make:98: recipe for target 'cmTC_0c64e' failed
make[1]: *** [cmTC_0c64e] Error 1
make[1]: Leaving directory '/home/poweruser/junda.feng/GPU-Philox/build/CMakeFiles/CMakeScratch/TryCompile-kp0ZJO'
Makefile:127: recipe for target 'cmTC_0c64e/fast' failed
make: *** [cmTC_0c64e/fast] Error 2


Source file was:
#include <pthread.h>

static void* test_func(void* data)
{
  return data;
}

int main(void)
{
  pthread_t thread;
  pthread_create(&thread, NULL, test_func, NULL);
  pthread_detach(thread);
  pthread_cancel(thread);
  pthread_join(thread, NULL);
  pthread_atfork(NULL, NULL, NULL);
  pthread_exit(NULL);

  return 0;
}


Determining if the function pthread_create exists in the pthreads failed with the following output:
Change Dir: /home/poweruser/junda.feng/GPU-Philox/build/CMakeFiles/CMakeScratch/TryCompile-R081UM

Run Build Command(s):/usr/bin/make -f Makefile cmTC_a93b1/fast && /usr/bin/make  -f CMakeFiles/cmTC_a93b1.dir/build.make CMakeFiles/cmTC_a93b1.dir/build
make[1]: Entering directory '/home/poweruser/junda.feng/GPU-Philox/build/CMakeFiles/CMakeScratch/TryCompile-R081UM'
Building C object CMakeFiles/cmTC_a93b1.dir/CheckFunctionExists.c.o
/usr/bin/cc   -fPIC -DCHECK_FUNCTION_EXISTS=pthread_create -o CMakeFiles/cmTC_a93b1.dir/CheckFunctionExists.c.o -c /home/poweruser/junda.feng/GPU-Philox/build/CMakeFiles/CMakeScratch/TryCompile-R081UM/CheckFunctionExists.c
Linking C executable cmTC_a93b1
/usr/local/bin/cmake -E cmake_link_script CMakeFiles/cmTC_a93b1.dir/link.txt --verbose=1
/usr/bin/cc -fPIC -DCHECK_FUNCTION_EXISTS=pthread_create CMakeFiles/cmTC_a93b1.dir/CheckFunctionExists.c.o -o cmTC_a93b1  -lpthreads 
/usr/bin/ld: cannot find -lpthreads
collect2: error: ld returned 1 exit status
CMakeFiles/cmTC_a93b1.dir/build.make:98: recipe for target 'cmTC_a93b1' failed
make[1]: *** [cmTC_a93b1] Error 1
make[1]: Leaving directory '/home/poweruser/junda.feng/GPU-Philox/build/CMakeFiles/CMakeScratch/TryCompile-R081UM'
Makefile:127: recipe for target 'cmTC_a93b1/fast' failed
make: *** [cmTC_a93b1/fast] Error 2



Performing C SOURCE FILE Test CMAKE_HAVE_LIBC_PTHREAD failed with the following output:
Change Dir: /home/poweruser/junda.feng/GPU-Philox/build/CMakeFiles/CMakeScratch/TryCompile-CdfXoa

Run Build Command(s):/usr/bin/make -f Makefile cmTC_74c19/fast && /usr/bin/make  -f CMakeFiles/cmTC_74c19.dir/build.make CMakeFiles/cmTC_74c19.dir/build
make[1]: Entering directory '/home/poweruser/junda.feng/GPU-Philox/build/CMakeFiles/CMakeScratch/TryCompile-CdfXoa'
Building C object CMakeFiles/cmTC_74c19.dir/src.c.o
/usr/bin/cc -DCMAKE_HAVE_LIBC_PTHREAD  -fPIC  -o CMakeFiles/cmTC_74c19.dir/src.c.o -c /home/poweruser/junda.feng/GPU-Philox/build/CMakeFiles/CMakeScratch/TryCompile-CdfXoa/src.c
Linking C executable cmTC_74c19
/usr/local/bin/cmake -E cmake_link_script CMakeFiles/cmTC_74c19.dir/link.txt --verbose=1
/usr/bin/cc -fPIC  CMakeFiles/cmTC_74c19.dir/src.c.o -o cmTC_74c19 
CMakeFiles/cmTC_74c19.dir/src.c.o: In function `main':
src.c:(.text+0x3e): undefined reference to `pthread_create'
src.c:(.text+0x4a): undefined reference to `pthread_detach'
src.c:(.text+0x56): undefined reference to `pthread_cancel'
src.c:(.text+0x67): undefined reference to `pthread_join'
src.c:(.text+0x7b): undefined reference to `pthread_atfork'
collect2: error: ld returned 1 exit status
CMakeFiles/cmTC_74c19.dir/build.make:98: recipe for target 'cmTC_74c19' failed
make[1]: *** [cmTC_74c19] Error 1
make[1]: Leaving directory '/home/poweruser/junda.feng/GPU-Philox/build/CMakeFiles/CMakeScratch/TryCompile-CdfXoa'
Makefile:127: recipe for target 'cmTC_74c19/fast' failed
make: *** [cmTC_74c19/fast] Error 2


Source file was:
#include <pthread.h>

static void* test_func(void* data)
{
  return data;
}

int main(void)
{
  pthread_t thread;
  pthread_create(&thread, NULL, test_func, NULL);
  pthread_detach(thread);
  pthread_cancel(thread);
  pthread_join(thread, NULL);
  pthread_atfork(NULL, NULL, NULL);
  pthread_exit(NULL);

  return 0;
}


Determining if the function pthread_create exists in the pthreads failed with the following output:
Change Dir: /home/poweruser/junda.feng/GPU-Philox/build/CMakeFiles/CMakeScratch/TryCompile-n7DniH

Run Build Command(s):/usr/bin/make -f Makefile cmTC_80b02/fast && /usr/bin/make  -f CMakeFiles/cmTC_80b02.dir/build.make CMakeFiles/cmTC_80b02.dir/build
make[1]: Entering directory '/home/poweruser/junda.feng/GPU-Philox/build/CMakeFiles/CMakeScratch/TryCompile-n7DniH'
Building C object CMakeFiles/cmTC_80b02.dir/CheckFunctionExists.c.o
/usr/bin/cc   -fPIC -DCHECK_FUNCTION_EXISTS=pthread_create -o CMakeFiles/cmTC_80b02.dir/CheckFunctionExists.c.o -c /home/poweruser/junda.feng/GPU-Philox/build/CMakeFiles/CMakeScratch/TryCompile-n7DniH/CheckFunctionExists.c
Linking C executable cmTC_80b02
/usr/local/bin/cmake -E cmake_link_script CMakeFiles/cmTC_80b02.dir/link.txt --verbose=1
/usr/bin/cc -fPIC -DCHECK_FUNCTION_EXISTS=pthread_create CMakeFiles/cmTC_80b02.dir/CheckFunctionExists.c.o -o cmTC_80b02  -lpthreads 
/usr/bin/ld: cannot find -lpthreads
collect2: error: ld returned 1 exit status
CMakeFiles/cmTC_80b02.dir/build.make:98: recipe for target 'cmTC_80b02' failed
make[1]: *** [cmTC_80b02] Error 1
make[1]: Leaving directory '/home/poweruser/junda.feng/GPU-Philox/build/CMakeFiles/CMakeScratch/TryCompile-n7DniH'
Makefile:127: recipe for target 'cmTC_80b02/fast' failed
make: *** [cmTC_80b02/fast] Error 2



